Session ID|Username            |Passhash
----------+--------------------+----------
0000000001|test                |2147483647
0000000002|test                |2147483647
0000000003|test                |2147483647
0000000004|test                |2147483647
0000000005|test                |2147483647
0000000006|test                |2147483647
0000000007|test                |2147483647
0000000008|test                |2147483647
0000000009|test                |2147483647
0000000010|test                |2147483647
0000000011|test                |2147483647
0000000012|test                |2147483647
0000000013|test                |2147483647
0000000014|test                |2147483647
0000000015|test                |2147483647
0000000016|test                |2147483647
0000000017|test                |2147483647
0000000018|test                |2147483647
0000000019|test                |2147483647
0000000020|test                |2147483647
0000000021|test                |2147483647
0000000022|test                |2147483647
0000000023|test                |2147483647
0000000024|test                |2147483647
0000000025|test                |2147483647
0000000026|test                |2147483647
0000000027|test                |2147483647
0000000028|test                |2147483647
0000000029|test                |2147483647
0000000030|test                |2147483647
0000000031|test                |2147483647
----------+--------------------+----------
Session ID|Username            |Passhash
----------+--------------------+----------
0000000032|test                |2147483647
0000000033|test                |2147483647
0000000034|test                |2147483647
0000000035|test                |0012648430
0000000036|test                |2147483647
0000000037|test                |2147483647
0000000038|test                |2147483647
0000000039|test                |2147483647
0000000040|test                |2147483647
0000000041|test                |2147483647
0000000042|test                |2147483647
0000000043|test                |2147483647
0000000044|test                |2147483647
0000000045|test                |2147483647
0000000046|test                |2147483647
0000000047|test                |2147483647
0000000048|test                |2147483647
0000000049|test                |2147483647
0000000050|test                |2147483647
0000000051|test                |2147483647
